0.017
0.017
0.017
0.017
0.017
0.065
0.056
0.068
0.059
0.062
0.233
0.278
0.162
0.113
0.256
0.197
3.094
0.655
0.820
56.236
0.101
4.781
0.081
18.682
15.127
0.904
0.065
0.742
204.773
0.643
36.402
0.881
1.128
0.229
1.067
2.074
0.497
1.156
2.684
3.502
1.440
1.347
2.847
1.179
1.357
2.290
2.875
1.634
3.375
1.282
0.853
2.107
3.532
0.770
4.583
7.043
2.906
2.256
2.308
5.019
1.729
5.743
3.611
4.933
5.236
2.697
3.680
6.871
5.745
2.191
7.255
3.736
3.982
1.396
3.638
0.938
4.957
4.825
5.388
10.083
0.017
0.017
0.016
0.017
0.017
0.075
0.109
0.183
0.276
0.551
0.298
0.121
0.080
3.369
1.097
0.596
39.401
0.459
0.192
0.389
0.551
33.069
0.185
1.480
0.249
0.262
0.860
0.525
6.373
12.028
2.915
1.071
0.933
4.052
3.847
2.682
0.808
2.376
0.612
1.444
1.499
2.120
1.568
1.124
1.540
1.919
0.558
1.029
0.280
2.227
0.282
3.652
1.109
2.141
3.261
2.473
4.921
2.334
0.862
2.506
2.574
4.141
2.497
2.913
2.765
3.817
0.750
3.320
0.289
2.890
5.641
12.601
3.472
1.812
1.852
5.905
9.302
3.933
6.185
5.113
0.020
0.016
0.017
0.017
0.017
0.062
0.062
0.151
0.103
0.084
69.561
20.643
0.077
0.136
0.227
0.828
64.111
0.143
0.438
0.063
0.384
0.884
0.063
