0.902
0.897
0.897
0.897
0.897
0.896
0.896
0.896
0.897
0.897
0.898
0.897
0.897
0.896
0.897
0.896
0.897
0.897
0.896
0.896
0.897
0.897
0.896
0.897
0.897
0.902
0.896
0.897
0.896
0.897
0.917
0.965
0.898
0.897
0.897
0.920
0.897
0.912
0.897
0.897
1.367
1.366
1.360
1.362
1.365
1.362
1.366
1.367
1.363
1.369
1.393
1.373
1.388
1.368
1.380
1.370
1.366
1.378
1.373
1.377
1.599
1.613
1.595
1.614
1.611
1.623
1.620
1.604
1.599
1.602
1.793
1.794
1.793
1.798
1.810
1.869
1.798
1.793
1.795
1.795
2.086
2.045
2.112
2.092
2.128
2.050
2.079
2.078
2.053
2.118
2.322
2.302
2.307
2.291
2.332
2.284
2.295
2.348
2.289
2.339
2.548
2.521
2.548
2.510
2.544
2.542
2.498
2.537
2.497
2.509
2.743
2.740
2.766
2.707
2.730
2.695
2.742
2.743
2.741
2.740
3.005
2.997
2.941
2.978
2.963
2.936
3.037
2.943
3.009
2.969
3.168
3.217
3.167
3.165
3.186
3.177
3.180
3.188
3.184
3.147
3.366
3.382
3.391
3.379
3.397
3.396
3.401
3.403
3.392
3.372
3.600
3.604
3.613
3.618
3.602
3.615
3.602
3.608
3.593
3.608
